<?xml version="1.0" encoding="UTF-8"?>
<!-- Generated by org.testng.reporters.JUnitReportReporter -->
<testsuite skipped="3" hostname="DESKTOP-J3DD1K9" name="mycode.MainProgram" tests="5" failures="0" timestamp="11 Feb 2020 12:55:10 GMT" time="0.020" errors="0">
  <testcase name="printxlshtvalues" time="0.017" classname="mycode.MainProgram"/>
  <testcase name="printxlshtvalues" time="0.003" classname="mycode.MainProgram"/>
  <testcase name="two" classname="mycode.MainProgram">
    <skipped/>
  </testcase> <!-- two -->
  <testcase name="three" classname="mycode.MainProgram">
    <skipped/>
  </testcase> <!-- three -->
  <testcase name="one" classname="mycode.MainProgram">
    <skipped/>
  </testcase> <!-- one -->
</testsuite> <!-- mycode.MainProgram -->
