<?xml version="1.0" encoding="UTF-8"?>
<!-- Generated by org.testng.reporters.JUnitReportReporter -->
<testsuite skipped="3" hostname="DESKTOP-J3DD1K9" name="mycode.MainProgram" tests="7" failures="0" timestamp="11 Feb 2020 19:33:02 GMT" time="0.054" errors="0">
  <testcase name="printxlshtvalues" time="0.004" classname="mycode.MainProgram"/>
  <testcase name="printxlshtvalues" time="0.040" classname="mycode.MainProgram"/>
  <testcase name="printxlshtvalues" time="0.002" classname="mycode.MainProgram"/>
  <testcase name="printxlshtvalues" time="0.008" classname="mycode.MainProgram"/>
  <testcase name="three" classname="mycode.MainProgram">
    <skipped/>
  </testcase> <!-- three -->
  <testcase name="two" classname="mycode.MainProgram">
    <skipped/>
  </testcase> <!-- two -->
  <testcase name="one" classname="mycode.MainProgram">
    <skipped/>
  </testcase> <!-- one -->
</testsuite> <!-- mycode.MainProgram -->
