<?xml version="1.0" encoding="UTF-8"?>
<!-- Generated by org.testng.reporters.JUnitReportReporter -->
<testsuite skipped="0" hostname="DESKTOP-J3DD1K9" name="mycode.WinHandle" tests="1" failures="0" timestamp="10 Feb 2020 17:05:24 GMT" time="0.014" errors="0">
  <testcase name="sysprint" time="0.014" classname="mycode.WinHandle"/>
</testsuite> <!-- mycode.WinHandle -->
